<?xml version="1.0" encoding="UTF-8"?>
<testng-results ignored="0" total="2" passed="2" failed="0" skipped="0">
  <reporter-output>
  </reporter-output>
  <suite started-at="2025-04-17T00:05:04 IST" name="Default suite" finished-at="2025-04-17T00:05:05 IST" duration-ms="649">
    <groups>
    </groups>
    <test started-at="2025-04-17T00:05:04 IST" name="Default test" finished-at="2025-04-17T00:05:05 IST" duration-ms="649">
      <class name="Day1_7042025.AnnotationDemo">
        <test-method is-config="true" signature="beforeSuiteMethod()[pri:0, instance:Day1_7042025.AnnotationDemo@682b2fa]" started-at="2025-04-17T00:05:04 IST" name="beforeSuiteMethod" finished-at="2025-04-17T00:05:04 IST" duration-ms="55" status="PASS">
          <reporter-output>
          </reporter-output>
        </test-method> <!-- beforeSuiteMethod -->
        <test-method is-config="true" signature="beforetestMethod()[pri:0, instance:Day1_7042025.AnnotationDemo@682b2fa]" started-at="2025-04-17T00:05:04 IST" name="beforetestMethod" finished-at="2025-04-17T00:05:04 IST" duration-ms="4" status="PASS">
          <reporter-output>
          </reporter-output>
        </test-method> <!-- beforetestMethod -->
        <test-method is-config="true" signature="beforeclassMethod()[pri:0, instance:Day1_7042025.AnnotationDemo@682b2fa]" started-at="2025-04-17T00:05:04 IST" name="beforeclassMethod" finished-at="2025-04-17T00:05:04 IST" duration-ms="5" status="PASS">
          <reporter-output>
          </reporter-output>
        </test-method> <!-- beforeclassMethod -->
        <test-method is-config="true" signature="beforemethodMethod()[pri:0, instance:Day1_7042025.AnnotationDemo@682b2fa]" started-at="2025-04-17T00:05:04 IST" name="beforemethodMethod" finished-at="2025-04-17T00:05:04 IST" duration-ms="6" status="PASS">
          <reporter-output>
          </reporter-output>
        </test-method> <!-- beforemethodMethod -->
        <test-method signature="test1()[pri:0, instance:Day1_7042025.AnnotationDemo@682b2fa]" started-at="2025-04-17T00:05:04 IST" name="test1" finished-at="2025-04-17T00:05:05 IST" duration-ms="71" status="PASS">
          <reporter-output>
          </reporter-output>
        </test-method> <!-- test1 -->
        <test-method is-config="true" signature="AftermethodMethod()[pri:0, instance:Day1_7042025.AnnotationDemo@682b2fa]" started-at="2025-04-17T00:05:05 IST" name="AftermethodMethod" finished-at="2025-04-17T00:05:05 IST" duration-ms="5" status="PASS">
          <reporter-output>
          </reporter-output>
        </test-method> <!-- AftermethodMethod -->
        <test-method is-config="true" signature="beforemethodMethod()[pri:0, instance:Day1_7042025.AnnotationDemo@682b2fa]" started-at="2025-04-17T00:05:05 IST" name="beforemethodMethod" finished-at="2025-04-17T00:05:05 IST" duration-ms="4" status="PASS">
          <reporter-output>
          </reporter-output>
        </test-method> <!-- beforemethodMethod -->
        <test-method signature="test2()[pri:0, instance:Day1_7042025.AnnotationDemo@682b2fa]" started-at="2025-04-17T00:05:05 IST" name="test2" finished-at="2025-04-17T00:05:05 IST" duration-ms="42" status="PASS">
          <reporter-output>
          </reporter-output>
        </test-method> <!-- test2 -->
        <test-method is-config="true" signature="AftermethodMethod()[pri:0, instance:Day1_7042025.AnnotationDemo@682b2fa]" started-at="2025-04-17T00:05:05 IST" name="AftermethodMethod" finished-at="2025-04-17T00:05:05 IST" duration-ms="5" status="PASS">
          <reporter-output>
          </reporter-output>
        </test-method> <!-- AftermethodMethod -->
        <test-method is-config="true" signature="AfterclassMethod()[pri:0, instance:Day1_7042025.AnnotationDemo@682b2fa]" started-at="2025-04-17T00:05:05 IST" name="AfterclassMethod" finished-at="2025-04-17T00:05:05 IST" duration-ms="2" status="PASS">
          <reporter-output>
          </reporter-output>
        </test-method> <!-- AfterclassMethod -->
        <test-method is-config="true" signature="AftertestMethod()[pri:0, instance:Day1_7042025.AnnotationDemo@682b2fa]" started-at="2025-04-17T00:05:05 IST" name="AftertestMethod" finished-at="2025-04-17T00:05:05 IST" duration-ms="3" status="PASS">
          <reporter-output>
          </reporter-output>
        </test-method> <!-- AftertestMethod -->
        <test-method is-config="true" signature="AfterSuiteMethod()[pri:0, instance:Day1_7042025.AnnotationDemo@682b2fa]" started-at="2025-04-17T00:05:06 IST" name="AfterSuiteMethod" finished-at="2025-04-17T00:05:06 IST" duration-ms="14" status="PASS">
          <reporter-output>
          </reporter-output>
        </test-method> <!-- AfterSuiteMethod -->
      </class> <!-- Day1_7042025.AnnotationDemo -->
    </test> <!-- Default test -->
  </suite> <!-- Default suite -->
</testng-results>
